[14May2025 00:21:09.820] [Server thread/INFO] [net.minecraft.server.players.PlayerList/]: RompedorDeCucas[/100.100.131.31:56303] logged in with entity id 183 at (428.5807177649086, 69.0, 97.49302958787163)
[14May2025 00:21:09.907] [Server thread/INFO] [net.minecraft.server.MinecraftServer/]: RompedorDeCucas joined the game
[14May2025 00:21:12.660] [Server thread/WARN] [net.minecraft.server.MinecraftServer/]: Can't keep up! Is the server overloaded? Running 2906ms or 58 ticks behind
[14May2025 00:21:15.889] [Server thread/INFO] [voicechat/]: [voicechat] Received secret request of RompedorDeCucas (18)
[14May2025 00:21:15.893] [Server thread/INFO] [voicechat/]: [voicechat] Sent secret to RompedorDeCucas
[14May2025 00:21:24.578] [VoiceChatPacketProcessingThread/INFO] [voicechat/]: [voicechat] Successfully authenticated player 960361de-61da-304d-aa26-4d558a9df17a
[14May2025 00:21:25.540] [VoiceChatPacketProcessingThread/INFO] [voicechat/]: [voicechat] Successfully validated connection of player 960361de-61da-304d-aa26-4d558a9df17a
[14May2025 00:21:25.555] [VoiceChatPacketProcessingThread/INFO] [voicechat/]: [voicechat] Player RompedorDeCucas (960361de-61da-304d-aa26-4d558a9df17a) successfully connected to voice chat
[14May2025 00:21:35.609] [VoiceChatPacketProcessingThread/INFO] [voicechat/]: [voicechat] Player 960361de-61da-304d-aa26-4d558a9df17a timed out
[14May2025 00:21:35.611] [VoiceChatPacketProcessingThread/INFO] [voicechat/]: [voicechat] Reconnecting player RompedorDeCucas
[14May2025 00:21:35.615] [VoiceChatPacketProcessingThread/INFO] [voicechat/]: [voicechat] Sent secret to RompedorDeCucas
[14May2025 00:21:44.112] [VoiceChatPacketProcessingThread/INFO] [voicechat/]: [voicechat] Successfully authenticated player 960361de-61da-304d-aa26-4d558a9df17a
[14May2025 00:21:45.290] [VoiceChatPacketProcessingThread/INFO] [voicechat/]: [voicechat] Successfully validated connection of player 960361de-61da-304d-aa26-4d558a9df17a
[14May2025 00:21:45.293] [VoiceChatPacketProcessingThread/INFO] [voicechat/]: [voicechat] Player RompedorDeCucas (960361de-61da-304d-aa26-4d558a9df17a) successfully connected to voice chat
[14May2025 00:22:26.927] [VoiceChatPacketProcessingThread/INFO] [voicechat/]: [voicechat] Player 960361de-61da-304d-aa26-4d558a9df17a timed out
[14May2025 00:22:26.928] [VoiceChatPacketProcessingThread/INFO] [voicechat/]: [voicechat] Reconnecting player RompedorDeCucas
[14May2025 00:22:26.928] [VoiceChatPacketProcessingThread/INFO] [voicechat/]: [voicechat] Sent secret to RompedorDeCucas
[14May2025 00:22:31.246] [VoiceChatPacketProcessingThread/INFO] [voicechat/]: [voicechat] Successfully authenticated player 960361de-61da-304d-aa26-4d558a9df17a
[14May2025 00:22:53.811] [Server thread/INFO] [net.minecraft.server.network.ServerGamePacketListenerImpl/]: RompedorDeCucas lost connection: Disconnected
[14May2025 00:22:53.811] [Server thread/INFO] [net.minecraft.server.MinecraftServer/]: RompedorDeCucas left the game
[14May2025 00:22:53.817] [Server thread/INFO] [voicechat/]: [voicechat] Disconnecting client RompedorDeCucas
[14May2025 01:21:35.329] [Server thread/INFO] [net.minecraft.server.players.PlayerList/]: RompedorDeCucas[/100.100.131.31:51867] logged in with entity id 568 at (428.30000001192093, 69.0, 95.99862867568375)
[14May2025 01:21:35.343] [Server thread/INFO] [net.minecraft.server.MinecraftServer/]: RompedorDeCucas joined the game
[14May2025 01:21:38.520] [Server thread/INFO] [voicechat/]: [voicechat] Received secret request of RompedorDeCucas (18)
[14May2025 01:21:38.527] [Server thread/INFO] [voicechat/]: [voicechat] Sent secret to RompedorDeCucas
[14May2025 01:21:43.952] [VoiceChatPacketProcessingThread/INFO] [voicechat/]: [voicechat] Successfully authenticated player 960361de-61da-304d-aa26-4d558a9df17a
[14May2025 01:21:44.820] [VoiceChatPacketProcessingThread/INFO] [voicechat/]: [voicechat] Successfully validated connection of player 960361de-61da-304d-aa26-4d558a9df17a
[14May2025 01:21:44.822] [VoiceChatPacketProcessingThread/INFO] [voicechat/]: [voicechat] Player RompedorDeCucas (960361de-61da-304d-aa26-4d558a9df17a) successfully connected to voice chat
[14May2025 01:37:41.217] [Server thread/INFO] [net.minecraft.server.MinecraftServer/]: RompedorDeCucas has made the advancement [Suit Up]
